2015/03/27 12:19:22 [error] [exception.CHttpException.404] exception 'CHttpException' with message 'Unable to resolve the request "themes/business/images/loader.gif".' in /var/www/clients/client2/web14/web/framework/web/CWebApplication.php:286
Stack trace:
#0 /var/www/clients/client2/web14/web/framework/web/CWebApplication.php(141): CWebApplication->runController('themes/business...')
#1 /var/www/clients/client2/web14/web/framework/base/CApplication.php(180): CWebApplication->processRequest()
#2 /var/www/clients/client2/web14/web/www/index.php(14): CApplication->run()
#3 {main}
REQUEST_URI=/themes/business/images/loader.gif
HTTP_REFERER=http://www.business-supermarket.co.uk/admin/listings/listings/photo-upload/logo_listing.php
---
2015/03/27 12:19:23 [error] [exception.CHttpException.404] exception 'CHttpException' with message 'Unable to resolve the request "themes/business/images/loader.gif".' in /var/www/clients/client2/web14/web/framework/web/CWebApplication.php:286
Stack trace:
#0 /var/www/clients/client2/web14/web/framework/web/CWebApplication.php(141): CWebApplication->runController('themes/business...')
#1 /var/www/clients/client2/web14/web/framework/base/CApplication.php(180): CWebApplication->processRequest()
#2 /var/www/clients/client2/web14/web/www/index.php(14): CApplication->run()
#3 {main}
REQUEST_URI=/themes/business/images/loader.gif
HTTP_REFERER=http://www.business-supermarket.co.uk/
---
2015/03/27 12:57:58 [error] [exception.CHttpException.404] exception 'CHttpException' with message 'Unable to resolve the request "themes/business/images/loader.gif".' in /var/www/clients/client2/web14/web/framework/web/CWebApplication.php:286
Stack trace:
#0 /var/www/clients/client2/web14/web/framework/web/CWebApplication.php(141): CWebApplication->runController('themes/business...')
#1 /var/www/clients/client2/web14/web/framework/base/CApplication.php(180): CWebApplication->processRequest()
#2 /var/www/clients/client2/web14/web/www/index.php(14): CApplication->run()
#3 {main}
REQUEST_URI=/themes/business/images/loader.gif
HTTP_REFERER=http://www.business-supermarket.co.uk/
---
2015/03/27 12:57:58 [error] [exception.CHttpException.404] exception 'CHttpException' with message 'Unable to resolve the request "themes/business/css/images/pink-bubble-top.png".' in /var/www/clients/client2/web14/web/framework/web/CWebApplication.php:286
Stack trace:
#0 /var/www/clients/client2/web14/web/framework/web/CWebApplication.php(141): CWebApplication->runController('themes/business...')
#1 /var/www/clients/client2/web14/web/framework/base/CApplication.php(180): CWebApplication->processRequest()
#2 /var/www/clients/client2/web14/web/www/index.php(14): CApplication->run()
#3 {main}
REQUEST_URI=/themes/business/css/images/pink-bubble-top.png
HTTP_REFERER=http://www.business-supermarket.co.uk/themes/business/css/style.css
---
2015/03/27 12:57:59 [error] [exception.CHttpException.404] exception 'CHttpException' with message 'Unable to resolve the request "themes/business/css/images/pink-bubble-background.png".' in /var/www/clients/client2/web14/web/framework/web/CWebApplication.php:286
Stack trace:
#0 /var/www/clients/client2/web14/web/framework/web/CWebApplication.php(141): CWebApplication->runController('themes/business...')
#1 /var/www/clients/client2/web14/web/framework/base/CApplication.php(180): CWebApplication->processRequest()
#2 /var/www/clients/client2/web14/web/www/index.php(14): CApplication->run()
#3 {main}
REQUEST_URI=/themes/business/css/images/pink-bubble-background.png
HTTP_REFERER=http://www.business-supermarket.co.uk/themes/business/css/style.css
---
2015/03/27 12:58:03 [error] [exception.CHttpException.404] exception 'CHttpException' with message 'Unable to resolve the request "themes/business/images/loader.gif".' in /var/www/clients/client2/web14/web/framework/web/CWebApplication.php:286
Stack trace:
#0 /var/www/clients/client2/web14/web/framework/web/CWebApplication.php(141): CWebApplication->runController('themes/business...')
#1 /var/www/clients/client2/web14/web/framework/base/CApplication.php(180): CWebApplication->processRequest()
#2 /var/www/clients/client2/web14/web/www/index.php(14): CApplication->run()
#3 {main}
REQUEST_URI=/themes/business/images/loader.gif
HTTP_REFERER=http://www.business-supermarket.co.uk/
---
2015/03/27 12:58:03 [error] [exception.CHttpException.404] exception 'CHttpException' with message 'Unable to resolve the request "themes/business/css/images/pink-bubble-top.png".' in /var/www/clients/client2/web14/web/framework/web/CWebApplication.php:286
Stack trace:
#0 /var/www/clients/client2/web14/web/framework/web/CWebApplication.php(141): CWebApplication->runController('themes/business...')
#1 /var/www/clients/client2/web14/web/framework/base/CApplication.php(180): CWebApplication->processRequest()
#2 /var/www/clients/client2/web14/web/www/index.php(14): CApplication->run()
#3 {main}
REQUEST_URI=/themes/business/css/images/pink-bubble-top.png
HTTP_REFERER=http://www.business-supermarket.co.uk/themes/business/css/style.css
---
2015/03/27 12:58:04 [error] [exception.CHttpException.404] exception 'CHttpException' with message 'Unable to resolve the request "themes/business/css/images/pink-bubble-background.png".' in /var/www/clients/client2/web14/web/framework/web/CWebApplication.php:286
Stack trace:
#0 /var/www/clients/client2/web14/web/framework/web/CWebApplication.php(141): CWebApplication->runController('themes/business...')
#1 /var/www/clients/client2/web14/web/framework/base/CApplication.php(180): CWebApplication->processRequest()
#2 /var/www/clients/client2/web14/web/www/index.php(14): CApplication->run()
#3 {main}
REQUEST_URI=/themes/business/css/images/pink-bubble-background.png
HTTP_REFERER=http://www.business-supermarket.co.uk/themes/business/css/style.css
---
2015/03/27 12:58:06 [error] [exception.CHttpException.404] exception 'CHttpException' with message 'Unable to resolve the request "themes/business/images/loader.gif".' in /var/www/clients/client2/web14/web/framework/web/CWebApplication.php:286
Stack trace:
#0 /var/www/clients/client2/web14/web/framework/web/CWebApplication.php(141): CWebApplication->runController('themes/business...')
#1 /var/www/clients/client2/web14/web/framework/base/CApplication.php(180): CWebApplication->processRequest()
#2 /var/www/clients/client2/web14/web/www/index.php(14): CApplication->run()
#3 {main}
REQUEST_URI=/themes/business/images/loader.gif
HTTP_REFERER=http://www.business-supermarket.co.uk/
---
2015/03/27 12:58:06 [error] [exception.CHttpException.404] exception 'CHttpException' with message 'Unable to resolve the request "themes/business/css/images/pink-bubble-top.png".' in /var/www/clients/client2/web14/web/framework/web/CWebApplication.php:286
Stack trace:
#0 /var/www/clients/client2/web14/web/framework/web/CWebApplication.php(141): CWebApplication->runController('themes/business...')
#1 /var/www/clients/client2/web14/web/framework/base/CApplication.php(180): CWebApplication->processRequest()
#2 /var/www/clients/client2/web14/web/www/index.php(14): CApplication->run()
#3 {main}
REQUEST_URI=/themes/business/css/images/pink-bubble-top.png
HTTP_REFERER=http://www.business-supermarket.co.uk/themes/business/css/style.css
---
2015/03/27 12:58:07 [error] [exception.CHttpException.404] exception 'CHttpException' with message 'Unable to resolve the request "themes/business/css/images/pink-bubble-background.png".' in /var/www/clients/client2/web14/web/framework/web/CWebApplication.php:286
Stack trace:
#0 /var/www/clients/client2/web14/web/framework/web/CWebApplication.php(141): CWebApplication->runController('themes/business...')
#1 /var/www/clients/client2/web14/web/framework/base/CApplication.php(180): CWebApplication->processRequest()
#2 /var/www/clients/client2/web14/web/www/index.php(14): CApplication->run()
#3 {main}
REQUEST_URI=/themes/business/css/images/pink-bubble-background.png
HTTP_REFERER=http://www.business-supermarket.co.uk/themes/business/css/style.css
---
2015/03/27 13:33:38 [error] [exception.CHttpException.404] exception 'CHttpException' with message 'Unable to resolve the request "themes/business/images/loader.gif".' in /var/www/clients/client2/web14/web/framework/web/CWebApplication.php:286
Stack trace:
#0 /var/www/clients/client2/web14/web/framework/web/CWebApplication.php(141): CWebApplication->runController('themes/business...')
#1 /var/www/clients/client2/web14/web/framework/base/CApplication.php(180): CWebApplication->processRequest()
#2 /var/www/clients/client2/web14/web/www/index.php(14): CApplication->run()
#3 {main}
REQUEST_URI=/themes/business/images/loader.gif
HTTP_REFERER=http://www.business-supermarket.co.uk/
---
2015/03/27 13:46:18 [error] [exception.CHttpException.404] exception 'CHttpException' with message 'The system is unable to find the requested action "support_ipr.php".' in /var/www/clients/client2/web14/web/framework/web/CController.php:483
Stack trace:
#0 /var/www/clients/client2/web14/web/framework/web/CController.php(270): CController->missingAction('support_ipr.php')
#1 /var/www/clients/client2/web14/web/framework/web/CWebApplication.php(282): CController->run('support_ipr.php')
#2 /var/www/clients/client2/web14/web/framework/web/CWebApplication.php(141): CWebApplication->runController('contact/support...')
#3 /var/www/clients/client2/web14/web/framework/base/CApplication.php(180): CWebApplication->processRequest()
#4 /var/www/clients/client2/web14/web/www/index.php(14): CApplication->run()
#5 {main}
REQUEST_URI=/contact/support_IPR.php
---
2015/03/27 14:24:42 [error] [exception.CHttpException.404] exception 'CHttpException' with message 'The system is unable to find the requested action "support@business-supermarket.com".' in /var/www/clients/client2/web14/web/framework/web/CController.php:483
Stack trace:
#0 /var/www/clients/client2/web14/web/framework/web/CController.php(270): CController->missingAction('support@busines...')
#1 /var/www/clients/client2/web14/web/framework/web/CWebApplication.php(282): CController->run('support@busines...')
#2 /var/www/clients/client2/web14/web/framework/web/CWebApplication.php(141): CWebApplication->runController('user/register/s...')
#3 /var/www/clients/client2/web14/web/framework/base/CApplication.php(180): CWebApplication->processRequest()
#4 /var/www/clients/client2/web14/web/www/index.php(14): CApplication->run()
#5 {main}
REQUEST_URI=/user/register/support@business-supermarket.com
---
2015/03/27 14:59:37 [error] [exception.CHttpException.404] exception 'CHttpException' with message 'Unable to resolve the request "themes/business/images/loader.gif".' in /var/www/clients/client2/web14/web/framework/web/CWebApplication.php:286
Stack trace:
#0 /var/www/clients/client2/web14/web/framework/web/CWebApplication.php(141): CWebApplication->runController('themes/business...')
#1 /var/www/clients/client2/web14/web/framework/base/CApplication.php(180): CWebApplication->processRequest()
#2 /var/www/clients/client2/web14/web/www/index.php(14): CApplication->run()
#3 {main}
REQUEST_URI=/themes/business/images/loader.gif
HTTP_REFERER=http://www.business-supermarket.co.uk/
---
2015/03/27 14:59:37 [error] [exception.CHttpException.404] exception 'CHttpException' with message 'Unable to resolve the request "themes/business/css/images/pink-bubble-top.png".' in /var/www/clients/client2/web14/web/framework/web/CWebApplication.php:286
Stack trace:
#0 /var/www/clients/client2/web14/web/framework/web/CWebApplication.php(141): CWebApplication->runController('themes/business...')
#1 /var/www/clients/client2/web14/web/framework/base/CApplication.php(180): CWebApplication->processRequest()
#2 /var/www/clients/client2/web14/web/www/index.php(14): CApplication->run()
#3 {main}
REQUEST_URI=/themes/business/css/images/pink-bubble-top.png
HTTP_REFERER=http://www.business-supermarket.co.uk/themes/business/css/style.css
---
2015/03/27 14:59:38 [error] [exception.CHttpException.404] exception 'CHttpException' with message 'Unable to resolve the request "themes/business/css/images/pink-bubble-background.png".' in /var/www/clients/client2/web14/web/framework/web/CWebApplication.php:286
Stack trace:
#0 /var/www/clients/client2/web14/web/framework/web/CWebApplication.php(141): CWebApplication->runController('themes/business...')
#1 /var/www/clients/client2/web14/web/framework/base/CApplication.php(180): CWebApplication->processRequest()
#2 /var/www/clients/client2/web14/web/www/index.php(14): CApplication->run()
#3 {main}
REQUEST_URI=/themes/business/css/images/pink-bubble-background.png
HTTP_REFERER=http://www.business-supermarket.co.uk/themes/business/css/style.css
---
2015/03/27 14:59:42 [error] [exception.CHttpException.404] exception 'CHttpException' with message 'Unable to resolve the request "themes/business/images/loader.gif".' in /var/www/clients/client2/web14/web/framework/web/CWebApplication.php:286
Stack trace:
#0 /var/www/clients/client2/web14/web/framework/web/CWebApplication.php(141): CWebApplication->runController('themes/business...')
#1 /var/www/clients/client2/web14/web/framework/base/CApplication.php(180): CWebApplication->processRequest()
#2 /var/www/clients/client2/web14/web/www/index.php(14): CApplication->run()
#3 {main}
REQUEST_URI=/themes/business/images/loader.gif
HTTP_REFERER=http://www.business-supermarket.co.uk/listing/science-and-technology
---
2015/03/27 14:59:43 [error] [exception.CHttpException.404] exception 'CHttpException' with message 'Unable to resolve the request "var/www/clients/client2/web14/web/runtime/business/js/chosen.jquery.js".' in /var/www/clients/client2/web14/web/framework/web/CWebApplication.php:286
Stack trace:
#0 /var/www/clients/client2/web14/web/framework/web/CWebApplication.php(141): CWebApplication->runController('var/www/clients...')
#1 /var/www/clients/client2/web14/web/framework/base/CApplication.php(180): CWebApplication->processRequest()
#2 /var/www/clients/client2/web14/web/www/index.php(14): CApplication->run()
#3 {main}
REQUEST_URI=/var/www/clients/client2/web14/web/runtime/business/js/chosen.jquery.js
HTTP_REFERER=http://www.business-supermarket.co.uk/listing/science-and-technology
---
2015/03/27 15:00:48 [error] [exception.CHttpException.404] exception 'CHttpException' with message 'Unable to resolve the request "themes/business/images/loader.gif".' in /var/www/clients/client2/web14/web/framework/web/CWebApplication.php:286
Stack trace:
#0 /var/www/clients/client2/web14/web/framework/web/CWebApplication.php(141): CWebApplication->runController('themes/business...')
#1 /var/www/clients/client2/web14/web/framework/base/CApplication.php(180): CWebApplication->processRequest()
#2 /var/www/clients/client2/web14/web/www/index.php(14): CApplication->run()
#3 {main}
REQUEST_URI=/themes/business/images/loader.gif
HTTP_REFERER=http://www.business-supermarket.co.uk/listing/business-ideas
---
2015/03/27 15:00:48 [error] [exception.CHttpException.404] exception 'CHttpException' with message 'Unable to resolve the request "var/www/clients/client2/web14/web/runtime/business/js/chosen.jquery.js".' in /var/www/clients/client2/web14/web/framework/web/CWebApplication.php:286
Stack trace:
#0 /var/www/clients/client2/web14/web/framework/web/CWebApplication.php(141): CWebApplication->runController('var/www/clients...')
#1 /var/www/clients/client2/web14/web/framework/base/CApplication.php(180): CWebApplication->processRequest()
#2 /var/www/clients/client2/web14/web/www/index.php(14): CApplication->run()
#3 {main}
REQUEST_URI=/var/www/clients/client2/web14/web/runtime/business/js/chosen.jquery.js
HTTP_REFERER=http://www.business-supermarket.co.uk/listing/business-ideas
---
2015/03/27 15:01:01 [error] [exception.CHttpException.404] exception 'CHttpException' with message 'Unable to resolve the request "themes/business/images/loader.gif".' in /var/www/clients/client2/web14/web/framework/web/CWebApplication.php:286
Stack trace:
#0 /var/www/clients/client2/web14/web/framework/web/CWebApplication.php(141): CWebApplication->runController('themes/business...')
#1 /var/www/clients/client2/web14/web/framework/base/CApplication.php(180): CWebApplication->processRequest()
#2 /var/www/clients/client2/web14/web/www/index.php(14): CApplication->run()
#3 {main}
REQUEST_URI=/themes/business/images/loader.gif
HTTP_REFERER=http://www.business-supermarket.co.uk/
---
2015/03/27 15:01:09 [error] [exception.CHttpException.404] exception 'CHttpException' with message 'Unable to resolve the request "crossdomain.xml".' in /var/www/clients/client2/web14/web/framework/web/CWebApplication.php:286
Stack trace:
#0 /var/www/clients/client2/web14/web/framework/web/CWebApplication.php(141): CWebApplication->runController('crossdomain.xml')
#1 /var/www/clients/client2/web14/web/framework/base/CApplication.php(180): CWebApplication->processRequest()
#2 /var/www/clients/client2/web14/web/www/index.php(14): CApplication->run()
#3 {main}
REQUEST_URI=/crossdomain.xml
HTTP_REFERER=http://www.business-supermarket.co.uk/
---
2015/03/27 20:09:58 [error] [exception.CHttpException.404] exception 'CHttpException' with message 'Unable to resolve the request "robots.txt".' in /var/www/clients/client2/web14/web/framework/web/CWebApplication.php:286
Stack trace:
#0 /var/www/clients/client2/web14/web/framework/web/CWebApplication.php(141): CWebApplication->runController('robots.txt')
#1 /var/www/clients/client2/web14/web/framework/base/CApplication.php(180): CWebApplication->processRequest()
#2 /var/www/clients/client2/web14/web/www/index.php(14): CApplication->run()
#3 {main}
REQUEST_URI=/robots.txt
---
2015/03/27 20:09:59 [error] [exception.CHttpException.404] exception 'CHttpException' with message 'Unable to resolve the request "support_IPR.php".' in /var/www/clients/client2/web14/web/framework/web/CWebApplication.php:286
Stack trace:
#0 /var/www/clients/client2/web14/web/framework/web/CWebApplication.php(141): CWebApplication->runController('support_IPR.php')
#1 /var/www/clients/client2/web14/web/framework/base/CApplication.php(180): CWebApplication->processRequest()
#2 /var/www/clients/client2/web14/web/www/index.php(14): CApplication->run()
#3 {main}
REQUEST_URI=/support_IPR.php
---
2015/03/27 21:28:31 [error] [exception.CHttpException.404] exception 'CHttpException' with message 'Unable to resolve the request "business/support@business-supermarket.com".' in /var/www/clients/client2/web14/web/framework/web/CWebApplication.php:286
Stack trace:
#0 /var/www/clients/client2/web14/web/framework/web/CWebApplication.php(141): CWebApplication->runController('business/suppor...')
#1 /var/www/clients/client2/web14/web/framework/base/CApplication.php(180): CWebApplication->processRequest()
#2 /var/www/clients/client2/web14/web/www/index.php(14): CApplication->run()
#3 {main}
REQUEST_URI=/business/support@business-supermarket.com
---
2015/03/27 22:54:51 [error] [exception.CHttpException.404] exception 'CHttpException' with message 'Unable to resolve the request "user_listing_search.php".' in /var/www/clients/client2/web14/web/framework/web/CWebApplication.php:286
Stack trace:
#0 /var/www/clients/client2/web14/web/framework/web/CWebApplication.php(141): CWebApplication->runController('user_listing_se...')
#1 /var/www/clients/client2/web14/web/framework/base/CApplication.php(180): CWebApplication->processRequest()
#2 /var/www/clients/client2/web14/web/www/index.php(14): CApplication->run()
#3 {main}
REQUEST_URI=/user_listing_search.php
---
2015/03/27 22:54:51 [error] [exception.CHttpException.404] exception 'CHttpException' with message 'Unable to resolve the request "themes/business/images/loader.gif".' in /var/www/clients/client2/web14/web/framework/web/CWebApplication.php:286
Stack trace:
#0 /var/www/clients/client2/web14/web/framework/web/CWebApplication.php(141): CWebApplication->runController('themes/business...')
#1 /var/www/clients/client2/web14/web/framework/base/CApplication.php(180): CWebApplication->processRequest()
#2 /var/www/clients/client2/web14/web/www/index.php(14): CApplication->run()
#3 {main}
REQUEST_URI=/themes/business/images/loader.gif
---
2015/03/27 22:54:52 [error] [exception.CHttpException.404] exception 'CHttpException' with message 'Unable to resolve the request "user_listing_search.php".' in /var/www/clients/client2/web14/web/framework/web/CWebApplication.php:286
Stack trace:
#0 /var/www/clients/client2/web14/web/framework/web/CWebApplication.php(141): CWebApplication->runController('user_listing_se...')
#1 /var/www/clients/client2/web14/web/framework/base/CApplication.php(180): CWebApplication->processRequest()
#2 /var/www/clients/client2/web14/web/www/index.php(14): CApplication->run()
#3 {main}
REQUEST_URI=/user_listing_search.php
---
2015/03/27 22:54:52 [error] [exception.CHttpException.404] exception 'CHttpException' with message 'Unable to resolve the request "themes/business/images/loader.gif".' in /var/www/clients/client2/web14/web/framework/web/CWebApplication.php:286
Stack trace:
#0 /var/www/clients/client2/web14/web/framework/web/CWebApplication.php(141): CWebApplication->runController('themes/business...')
#1 /var/www/clients/client2/web14/web/framework/base/CApplication.php(180): CWebApplication->processRequest()
#2 /var/www/clients/client2/web14/web/www/index.php(14): CApplication->run()
#3 {main}
REQUEST_URI=/themes/business/images/loader.gif
---
2015/03/27 22:54:52 [error] [exception.CHttpException.404] exception 'CHttpException' with message 'Unable to resolve the request "#".' in /var/www/clients/client2/web14/web/framework/web/CWebApplication.php:286
Stack trace:
#0 /var/www/clients/client2/web14/web/framework/web/CWebApplication.php(141): CWebApplication->runController('#')
#1 /var/www/clients/client2/web14/web/framework/base/CApplication.php(180): CWebApplication->processRequest()
#2 /var/www/clients/client2/web14/web/www/index.php(14): CApplication->run()
#3 {main}
REQUEST_URI=/#
---
2015/03/27 22:54:52 [error] [exception.CHttpException.404] exception 'CHttpException' with message 'Unable to resolve the request "#servicetab2".' in /var/www/clients/client2/web14/web/framework/web/CWebApplication.php:286
Stack trace:
#0 /var/www/clients/client2/web14/web/framework/web/CWebApplication.php(141): CWebApplication->runController('#servicetab2')
#1 /var/www/clients/client2/web14/web/framework/base/CApplication.php(180): CWebApplication->processRequest()
#2 /var/www/clients/client2/web14/web/www/index.php(14): CApplication->run()
#3 {main}
REQUEST_URI=/#servicetab2
---
2015/03/27 22:54:53 [error] [exception.CHttpException.404] exception 'CHttpException' with message 'Unable to resolve the request "#".' in /var/www/clients/client2/web14/web/framework/web/CWebApplication.php:286
Stack trace:
#0 /var/www/clients/client2/web14/web/framework/web/CWebApplication.php(141): CWebApplication->runController('#')
#1 /var/www/clients/client2/web14/web/framework/base/CApplication.php(180): CWebApplication->processRequest()
#2 /var/www/clients/client2/web14/web/www/index.php(14): CApplication->run()
#3 {main}
REQUEST_URI=/#
---
2015/03/27 22:54:53 [error] [exception.CHttpException.404] exception 'CHttpException' with message 'Unable to resolve the request "#servicetab2".' in /var/www/clients/client2/web14/web/framework/web/CWebApplication.php:286
Stack trace:
#0 /var/www/clients/client2/web14/web/framework/web/CWebApplication.php(141): CWebApplication->runController('#servicetab2')
#1 /var/www/clients/client2/web14/web/framework/base/CApplication.php(180): CWebApplication->processRequest()
#2 /var/www/clients/client2/web14/web/www/index.php(14): CApplication->run()
#3 {main}
REQUEST_URI=/#servicetab2
---
2015/03/27 22:54:53 [error] [exception.CHttpException.404] exception 'CHttpException' with message 'The system is unable to find the requested action "#".' in /var/www/clients/client2/web14/web/framework/web/CController.php:483
Stack trace:
#0 /var/www/clients/client2/web14/web/framework/web/CController.php(270): CController->missingAction('#')
#1 /var/www/clients/client2/web14/web/framework/web/CWebApplication.php(282): CController->run('#')
#2 /var/www/clients/client2/web14/web/framework/web/CWebApplication.php(141): CWebApplication->runController('site/#')
#3 /var/www/clients/client2/web14/web/framework/base/CApplication.php(180): CWebApplication->processRequest()
#4 /var/www/clients/client2/web14/web/www/index.php(14): CApplication->run()
#5 {main}
REQUEST_URI=/site/#
---
2015/03/27 22:54:53 [error] [exception.CHttpException.404] exception 'CHttpException' with message 'Unable to resolve the request "#servicetab1".' in /var/www/clients/client2/web14/web/framework/web/CWebApplication.php:286
Stack trace:
#0 /var/www/clients/client2/web14/web/framework/web/CWebApplication.php(141): CWebApplication->runController('#servicetab1')
#1 /var/www/clients/client2/web14/web/framework/base/CApplication.php(180): CWebApplication->processRequest()
#2 /var/www/clients/client2/web14/web/www/index.php(14): CApplication->run()
#3 {main}
REQUEST_URI=/#servicetab1
---
2015/03/27 22:54:53 [error] [exception.CHttpException.404] exception 'CHttpException' with message 'Unable to resolve the request "help.php".' in /var/www/clients/client2/web14/web/framework/web/CWebApplication.php:286
Stack trace:
#0 /var/www/clients/client2/web14/web/framework/web/CWebApplication.php(141): CWebApplication->runController('help.php')
#1 /var/www/clients/client2/web14/web/framework/base/CApplication.php(180): CWebApplication->processRequest()
#2 /var/www/clients/client2/web14/web/www/index.php(14): CApplication->run()
#3 {main}
REQUEST_URI=/help.php
---
2015/03/27 22:54:53 [error] [exception.CHttpException.404] exception 'CHttpException' with message 'Unable to resolve the request "support_IPR.php".' in /var/www/clients/client2/web14/web/framework/web/CWebApplication.php:286
Stack trace:
#0 /var/www/clients/client2/web14/web/framework/web/CWebApplication.php(141): CWebApplication->runController('support_IPR.php')
#1 /var/www/clients/client2/web14/web/framework/base/CApplication.php(180): CWebApplication->processRequest()
#2 /var/www/clients/client2/web14/web/www/index.php(14): CApplication->run()
#3 {main}
REQUEST_URI=/support_IPR.php
---
2015/03/27 22:54:53 [error] [exception.CHttpException.404] exception 'CHttpException' with message 'The system is unable to find the requested action "#".' in /var/www/clients/client2/web14/web/framework/web/CController.php:483
Stack trace:
#0 /var/www/clients/client2/web14/web/framework/web/CController.php(270): CController->missingAction('#')
#1 /var/www/clients/client2/web14/web/framework/web/CWebApplication.php(282): CController->run('#')
#2 /var/www/clients/client2/web14/web/framework/web/CWebApplication.php(141): CWebApplication->runController('site/#')
#3 /var/www/clients/client2/web14/web/framework/base/CApplication.php(180): CWebApplication->processRequest()
#4 /var/www/clients/client2/web14/web/www/index.php(14): CApplication->run()
#5 {main}
REQUEST_URI=/site/#
---
2015/03/27 22:54:54 [error] [exception.CHttpException.404] exception 'CHttpException' with message 'Unable to resolve the request "#servicetab1".' in /var/www/clients/client2/web14/web/framework/web/CWebApplication.php:286
Stack trace:
#0 /var/www/clients/client2/web14/web/framework/web/CWebApplication.php(141): CWebApplication->runController('#servicetab1')
#1 /var/www/clients/client2/web14/web/framework/base/CApplication.php(180): CWebApplication->processRequest()
#2 /var/www/clients/client2/web14/web/www/index.php(14): CApplication->run()
#3 {main}
REQUEST_URI=/#servicetab1
---
2015/03/27 22:54:54 [error] [exception.CHttpException.404] exception 'CHttpException' with message 'Unable to resolve the request "help.php".' in /var/www/clients/client2/web14/web/framework/web/CWebApplication.php:286
Stack trace:
#0 /var/www/clients/client2/web14/web/framework/web/CWebApplication.php(141): CWebApplication->runController('help.php')
#1 /var/www/clients/client2/web14/web/framework/base/CApplication.php(180): CWebApplication->processRequest()
#2 /var/www/clients/client2/web14/web/www/index.php(14): CApplication->run()
#3 {main}
REQUEST_URI=/help.php
---
2015/03/27 22:54:54 [error] [exception.CHttpException.404] exception 'CHttpException' with message 'Unable to resolve the request "support_IPR.php".' in /var/www/clients/client2/web14/web/framework/web/CWebApplication.php:286
Stack trace:
#0 /var/www/clients/client2/web14/web/framework/web/CWebApplication.php(141): CWebApplication->runController('support_IPR.php')
#1 /var/www/clients/client2/web14/web/framework/base/CApplication.php(180): CWebApplication->processRequest()
#2 /var/www/clients/client2/web14/web/www/index.php(14): CApplication->run()
#3 {main}
REQUEST_URI=/support_IPR.php
---
2015/03/28 00:28:53 [error] [exception.CHttpException.404] exception 'CHttpException' with message 'Unable to resolve the request "assets/1f0baae/fileuploader.css".' in /var/www/clients/client2/web14/web/framework/web/CWebApplication.php:286
Stack trace:
#0 /var/www/clients/client2/web14/web/framework/web/CWebApplication.php(141): CWebApplication->runController('assets/1f0baae/...')
#1 /var/www/clients/client2/web14/web/framework/base/CApplication.php(180): CWebApplication->processRequest()
#2 /var/www/clients/client2/web14/web/www/index.php(14): CApplication->run()
#3 {main}
REQUEST_URI=/assets/1f0baae/fileuploader.css
---
2015/03/28 04:38:46 [error] [exception.CHttpException.404] exception 'CHttpException' with message 'Unable to resolve the request "businesslisting/support_IPR.php".' in /var/www/clients/client2/web14/web/framework/web/CWebApplication.php:286
Stack trace:
#0 /var/www/clients/client2/web14/web/framework/web/CWebApplication.php(141): CWebApplication->runController('businesslisting...')
#1 /var/www/clients/client2/web14/web/framework/base/CApplication.php(180): CWebApplication->processRequest()
#2 /var/www/clients/client2/web14/web/www/index.php(14): CApplication->run()
#3 {main}
REQUEST_URI=/businesslisting/support_IPR.php
---
2015/03/28 05:43:59 [error] [exception.CHttpException.404] exception 'CHttpException' with message 'Unable to resolve the request "assets/e16eeebc/css/forum.css".' in /var/www/clients/client2/web14/web/framework/web/CWebApplication.php:286
Stack trace:
#0 /var/www/clients/client2/web14/web/framework/web/CWebApplication.php(141): CWebApplication->runController('assets/e16eeebc...')
#1 /var/www/clients/client2/web14/web/framework/base/CApplication.php(180): CWebApplication->processRequest()
#2 /var/www/clients/client2/web14/web/www/index.php(14): CApplication->run()
#3 {main}
REQUEST_URI=/assets/e16eeebc/css/forum.css
---
2015/03/28 08:37:08 [error] [exception.CHttpException.404] exception 'CHttpException' with message 'Unable to resolve the request "robots.txt".' in /var/www/clients/client2/web14/web/framework/web/CWebApplication.php:286
Stack trace:
#0 /var/www/clients/client2/web14/web/framework/web/CWebApplication.php(141): CWebApplication->runController('robots.txt')
#1 /var/www/clients/client2/web14/web/framework/base/CApplication.php(180): CWebApplication->processRequest()
#2 /var/www/clients/client2/web14/web/www/index.php(14): CApplication->run()
#3 {main}
REQUEST_URI=/robots.txt
---
